<?xml version="1.0" encoding="UTF-8"?>
<!-- Generated by org.testng.reporters.JUnitReportReporter -->
<testsuite skipped="0" hostname="MacBook-Pro" name="pageobjectstests.ContactUsTest" tests="1" failures="0" timestamp="12 Mar 2021 03:40:47 GMT" time="5.868" errors="0">
  <testcase name="sendAMessageTest" time="5.868" classname="pageobjectstests.ContactUsTest"/>
</testsuite> <!-- pageobjectstests.ContactUsTest -->
