<?xml version="1.0" encoding="UTF-8"?>
<!-- Generated by org.testng.reporters.JUnitReportReporter -->
<testsuite skipped="0" hostname="MacBook-Pro" name="pageobjectstests.HomePageTest" tests="1" failures="0" timestamp="12 Mar 2021 03:40:47 GMT" time="4.489" errors="0">
  <testcase name="searchTest" time="4.489" classname="pageobjectstests.HomePageTest"/>
</testsuite> <!-- pageobjectstests.HomePageTest -->
