<?xml version="1.0" encoding="UTF-8"?>
<!-- Generated by org.testng.reporters.JUnitReportReporter -->
<testsuite skipped="0" hostname="MacBook-Pro" name="pageobjectstests.ContactUsTest" tests="1" failures="0" timestamp="09 Mar 2021 06:13:47 GMT" time="6.554" errors="0">
  <testcase name="sendAMessageTest" time="6.554" classname="pageobjectstests.ContactUsTest"/>
</testsuite> <!-- pageobjectstests.ContactUsTest -->
